
FileVersion:        2

ResolutionOfTime:   Volumes

Experiment:         ContrastTask

BackgroundColor:    0 0 0
TextColor:          255 255 202
TimeCourseColor:    255 255 255
TimeCourseThick:    3
ReferenceFuncColor: 192 192 192
ReferenceFuncThick: 2

NrOfConditions:     5

Baseline_G
65
   1    5
   7    8
  10   11
  13   14
  16   16
  18   18
  20   22
  24   25
  27   27
  29   30
  32   32
  34   35
  37   37
  39   39
  41   41
  43   45
  47   48
  50   51
  53   53
  55   55
  57   58
  60   60
  62   63
  65   65
  67   67
  69   69
  71   73
  75   77
  79   80
  82   82
  84   84
  86   86
  88   89
  91   93
  95   96
  98   98
 100  102
 104  104
 106  106
 108  110
 112  112
 114  114
 116  117
 119  119
 121  121
 123  123
 125  125
 127  127
 129  130
 132  132
 134  136
 138  138
 140  142
 144  145
 147  148
 150  150
 152  152
 154  154
 156  156
 158  160
 162  164
 166  167
 169  171
 173  174
 176  177
Color: 185 185 185

NT_G
16
   9    9
  28   28
  42   42
  68   68
  78   78
  90   90
  94   94
 103  103
 107  107
 118  118
 120  120
 124  124
 131  131
 139  139
 149  149
 161  161
Color: 85 0 255

GT_G
16
  12   12
  17   17
  23   23
  31   31
  38   38
  40   40
  59   59
  83   83
 105  105
 111  111
 113  113
 128  128
 133  133
 168  168
 172  172
 175  175
Color: 255 0 127

GNT_G
16
   6    6
  15   15
  19   19
  33   33
  36   36
  61   61
  64   64
  66   66
  70   70
  85   85
 115  115
 122  122
 137  137
 143  143
 153  153
 157  157
Color: 85 170 0

2.5GT_G
16
  26   26
  46   46
  49   49
  52   52
  54   54
  56   56
  74   74
  81   81
  87   87
  97   97
  99   99
 126  126
 146  146
 151  151
 155  155
 165  165
Color: 170 0 0
