
FileVersion:        2

ResolutionOfTime:   Volumes

Experiment:         ContrastTask

BackgroundColor:    0 0 0
TextColor:          255 255 202
TimeCourseColor:    255 255 255
TimeCourseThick:    3
ReferenceFuncColor: 192 192 192
ReferenceFuncThick: 2

NrOfConditions:     5

Baseline
65
   1    5
   7    8
  10   10
  12   12
  14   15
  17   17
  19   20
  22   22
  24   24
  26   28
  30   31
  33   33
  35   35
  37   39
  41   41
  43   45
  47   47
  49   50
  52   53
  55   57
  59   59
  61   61
  63   65
  67   68
  70   71
  73   75
  77   78
  80   80
  82   82
  84   84
  86   87
  89   89
  91   93
  95   95
  97   97
  99   99
 101  103
 105  105
 107  108
 110  110
 112  112
 114  115
 117  119
 121  121
 123  123
 125  126
 128  129
 131  132
 134  135
 137  138
 140  140
 142  143
 145  145
 147  149
 151  151
 153  155
 157  157
 159  159
 161  161
 163  163
 165  165
 167  169
 171  172
 174  174
 176  177
Color: 255 255 255

NT
16
  11   11
  25   25
  58   58
  60   60
  76   76
  94   94
  96   96
  98   98
 100  100
 106  106
 116  116
 122  122
 136  136
 150  150
 156  156
 175  175
Color: 0 100 0

GT
16
  16   16
  18   18
  29   29
  48   48
  62   62
  72   72
  81   81
  90   90
 111  111
 130  130
 133  133
 139  139
 141  141
 144  144
 160  160
 164  164
Color: 255 255 0

GNT
16
   6    6
   9    9
  13   13
  23   23
  32   32
  34   34
  36   36
  46   46
  51   51
  69   69
  83   83
 113  113
 124  124
 127  127
 146  146
 162  162
Color: 255 0 255

2.5GT
16
  21   21
  40   40
  42   42
  54   54
  66   66
  79   79
  85   85
  88   88
 104  104
 109  109
 120  120
 152  152
 158  158
 166  166
 170  170
 173  173
Color: 255 69 0

