
FileVersion:        2

ResolutionOfTime:   Volumes

Experiment:         ContrastTask

BackgroundColor:    0 0 0
TextColor:          255 255 202
TimeCourseColor:    255 255 255
TimeCourseThick:    3
ReferenceFuncColor: 192 192 192
ReferenceFuncThick: 2

NrOfConditions:     5

Baseline
65
1	5
7	8
10	11
13	14
16	16
18	19
21	21
23	23
25	27
29	29
31	32
34	35
37	37
39	41
43	44
46	46
48	48
50	50
52	54
56	56
58	58
60	60
62	62
64	64
66	68
70	70
72	73
75	76
78	78
80	82
84	84
86	86
88	89
91	93
95	97
99	100
102	102
104	106
108	108
110	111
113	114
116	117
119	119
121	121
123	125
127	128
130	132
134	136
138	138
140	141
143	143
145	145
147	147
149	150
152	153
155	155
157	157
159	161
163	163
165	165
167	168
170	170
172	172
174	175
177	177
Color: 255 255 255

NT
16
  24   24
  28   28
  33   33
  74   74
  77   77
  83   83
  85   85
  94   94
  98   98
 126  126
 151  151
 154  154
 156  156
 158  158
 162  162
 173  173
Color: 0 100 0

GT
16
   6    6
  12   12
  15   15
  20   20
  22   22
  47   47
  55   55
  57   57
  79   79
 101  101
 112  112
 115  115
 118  118
 120  120
 137  137
 148  148
Color: 255 255 0

GNT
16
   9    9
  30   30
  42   42
  45   45
  51   51
  59   59
  63   63
  90   90
 103  103
 109  109
 129  129
 133  133
 139  139
 142  142
 164  164
 169  169
Color: 255 0 255

2.5GT
16
  17   17
  36   36
  38   38
  49   49
  61   61
  65   65
  69   69
  71   71
  87   87
 107  107
 122  122
 144  144
 146  146
 166  166
 171  171
 176  176
Color: 255 69 0
