
FileVersion:        2

ResolutionOfTime:   Volumes

Experiment:         ContrastTask

BackgroundColor:    0 0 0
TextColor:          255 255 202
TimeCourseColor:    255 255 255
TimeCourseThick:    3
ReferenceFuncColor: 192 192 192
ReferenceFuncThick: 2

NrOfConditions:     5

Baseline_G
65
   1    5
   7    7
   9    9
  11   12
  14   16
  18   18
  20   20
  22   23
  25   25
  27   27
  29   29
  31   32
  34   35
  37   37
  39   41
  43   44
  46   48
  50   50
  52   52
  54   55
  57   58
  60   61
  63   63
  65   66
  68   69
  71   72
  74   74
  76   76
  78   79
  81   81
  83   83
  85   85
  87   87
  89   90
  92   93
  95   96
  98   99
 101  101
 103  103
 105  105
 107  109
 111  112
 114  114
 116  118
 120  120
 122  122
 124  126
 128  128
 130  130
 132  132
 134  134
 136  136
 138  140
 142  144
 146  146
 148  148
 150  152
 154  154
 156  158
 160  161
 163  164
 166  168
 170  171
 173  173
 175  177
Color: 185 185 185

NT_G
16
  10   10
  26   26
  30   30
  36   36
  42   42
  64   64
  70   70
  73   73
  77   77
  80   80
  88   88
 106  106
 127  127
 162  162
 165  165
 172  172
Color: 85 0 255

GT_G
16
   6    6
   8    8
  17   17
  19   19
  38   38
  59   59
  94   94
 104  104
 113  113
 115  115
 119  119
 123  123
 141  141
 145  145
 147  147
 174  174
Color: 255 0 127

GNT_G
16
  21   21
  24   24
  28   28
  33   33
  49   49
  51   51
  53   53
  75   75
  82   82
  86   86
  97   97
 100  100
 121  121
 131  131
 149  149
 159  159
Color: 85 170 0

2.5GT_G
16
  13   13
  45   45
  56   56
  62   62
  67   67
  84   84
  91   91
 102  102
 110  110
 129  129
 133  133
 135  135
 137  137
 153  153
 155  155
 169  169
Color: 170 0 0
