
FileVersion:        2

ResolutionOfTime:   msec

Experiment:         ContrastTask

BackgroundColor:    0 0 0
TextColor:          255 255 202
TimeCourseColor:    255 255 255
TimeCourseThick:    3
ReferenceFuncColor: 192 192 192
ReferenceFuncThick: 2

NrOfConditions:     5

Baseline
65
      0           10
     12           16
     18           22
     24           28
     30           32
     34           38
     40           42
     44           46
     48           54
     56           58
     60           64
     66           70
     72           74
     76           82
     84           88
     90           92
     94           96
     98          100
    102          108
    110          112
    114          116
    118          120
    122          124
    126          128
    130          136
    138          140
    142          146
    148          152
    154          156
    158          164
    166          168
    170          172
    174          178
    180          186
    188          194
    196          200
    202          204
    206          212
    214          216
    218          222
    224          228
    230          234
    236          238
    240          242
    244          250
    252          256
    258          264
    266          272
    274          276
    278          282
    284          286
    288          290
    292          294
    296          300
    302          306
    308          310
    312          314
    316          322
    324          326
    328          330
    332          336
    338          340
    342          344
    346          350
    352          354
Color:              255 255 255

NT
16
     46           48
     54           56
     64           66
    146          148
    152          154
    164          166
    168          170
    186          188
    194          196
    250          252
    300          302
    306          308
    310          312
    314          316
    322          324
    344          346
Color:              0 100 0

GT
16
     10           12
     22           24
     28           30
     38           40
     42           44
     92           94
    108          110
    112          114
    156          158
    200          202
    222          224
    228          230
    234          236
    238          240
    272          274
    294          296
Color:              255 255 0

GNT
16
     16           18
     58           60
     82           84
     88           90
    100          102
    116          118
    124          126
    178          180
    204          206
    216          218
    256          258
    264          266
    276          278
    282          284
    326          328
    336          338
Color:              255 0 255

2.5GT
16
     32           34
     70           72
     74           76
     96           98
    120          122
    128          130
    136          138
    140          142
    172          174
    212          214
    242          244
    286          288
    290          292
    330          332
    340          342
    350          352
Color:              255 69 0
