
FileVersion:        2

ResolutionOfTime:   msec

Experiment:         ContrastTask

BackgroundColor:    0 0 0
TextColor:          255 255 202
TimeCourseColor:    255 255 255
TimeCourseThick:    3
ReferenceFuncColor: 192 192 192
ReferenceFuncThick: 2

NrOfConditions:     5

Baseline
65
       0    10000
   12000    16000
   18000    22000
   24000    28000
   30000    32000
   34000    38000
   40000    42000
   44000    46000
   48000    54000
   56000    58000
   60000    64000
   66000    70000
   72000    74000
   76000    82000
   84000    88000
   90000    92000
   94000    96000
   98000   100000
  102000   108000
  110000   112000
  114000   116000
  118000   120000
  122000   124000
  126000   128000
  130000   136000
  138000   140000
  142000   146000
  148000   152000
  154000   156000
  158000   164000
  166000   168000
  170000   172000
  174000   178000
  180000   186000
  188000   194000
  196000   200000
  202000   204000
  206000   212000
  214000   216000
  218000   222000
  224000   228000
  230000   234000
  236000   238000
  240000   242000
  244000   250000
  252000   256000
  258000   264000
  266000   272000
  274000   276000
  278000   282000
  284000   286000
  288000   290000
  292000   294000
  296000   300000
  302000   306000
  308000   310000
  312000   314000
  316000   322000
  324000   326000
  328000   330000
  332000   336000
  338000   340000
  342000   344000
  346000   350000
  352000   354000
Color: 255 255 255

NT
16
   46000    48000
   54000    56000
   64000    66000
  146000   148000
  152000   154000
  164000   166000
  168000   170000
  186000   188000
  194000   196000
  250000   252000
  300000   302000
  306000   308000
  310000   312000
  314000   316000
  322000   324000
  344000   346000
Color: 0 100 0

GT
16
   10000    12000
   22000    24000
   28000    30000
   38000    40000
   42000    44000
   92000    94000
  108000   110000
  112000   114000
  156000   158000
  200000   202000
  222000   224000
  228000   230000
  234000   236000
  238000   240000
  272000   274000
  294000   296000
Color: 255 255 0

GNT
16
   16000    18000
   58000    60000
   82000    84000
   88000    90000
  100000   102000
  116000   118000
  124000   126000
  178000   180000
  204000   206000
  216000   218000
  256000   258000
  264000   266000
  276000   278000
  282000   284000
  326000   328000
  336000   338000
Color: 255 0 255

2.5GT
16
   32000    34000
   70000    72000
   74000    76000
   96000    98000
  120000   122000
  128000   130000
  136000   138000
  140000   142000
  172000   174000
  212000   214000
  242000   244000
  286000   288000
  290000   292000
  330000   332000
  340000   342000
  350000   352000
Color: 255 69 0
